https://www.bilibili.com
开始=============================================
comlete one type++++++++++++++++++++++++++++++++++++++++++++++++++++++++++
comlete one type++++++++++++++++++++++++++++++++++++++++++++++++++++++++++
comlete one type++++++++++++++++++++++++++++++++++++++++++++++++++++++++++
comlete one type++++++++++++++++++++++++++++++++++++++++++++++++++++++++++
comlete one type++++++++++++++++++++++++++++++++++++++++++++++++++++++++++
comlete one type++++++++++++++++++++++++++++++++++++++++++++++++++++++++++
comlete one type++++++++++++++++++++++++++++++++++++++++++++++++++++++++++
comlete one type++++++++++++++++++++++++++++++++++++++++++++++++++++++++++
//www.bilibili.com/v/douga/mad/
https://www.bilibili.com//www.bilibili.com/v/douga/mad/
//www.bilibili.com/v/douga/mmd/
https://www.bilibili.com//www.bilibili.com/v/douga/mmd/
//www.bilibili.com/v/douga/voice/
https://www.bilibili.com//www.bilibili.com/v/douga/voice/
https://www.bilibili.com/v/douga/mad/comlete one type++++++++++++++++++++++++++++++++++++++++++++++++++++++++++

?????????//www.bilibili.com/v/douga/other/

https://www.bilibili.com//www.bilibili.com/v/douga/other/
https://www.bilibili.com/v/douga/other/
 ?????????https://www.bilibili.com/v/douga/voice/https://www.bilibili.com/v/douga/mmd/


??????????????????

//www.bilibili.com/v/anime/serial/
https://www.bilibili.com//www.bilibili.com/v/anime/serial/
https://www.bilibili.com/v/anime/serial/
?????????
//www.bilibili.com/v/anime/finish/
https://www.bilibili.com//www.bilibili.com/v/anime/finish/
https://www.bilibili.com/v/anime/finish/
?????????
//www.bilibili.com/v/anime/information/
https://www.bilibili.com//www.bilibili.com/v/anime/information/
https://www.bilibili.com/v/anime/information/
?????????
//www.bilibili.com/v/anime/offical/
https://www.bilibili.com//www.bilibili.com/v/anime/offical/
https://www.bilibili.com/v/anime/offical/
?????????
//bangumi.bilibili.com/anime/timeline
https://www.bilibili.com//bangumi.bilibili.com/anime/timeline
此处无有用信息comlete one type++++++++++++++++++++++++++++++++++++++++++++++++++++++++++

//bangumi.bilibili.com/anime/index
https://www.bilibili.com//bangumi.bilibili.com/anime/index
此处无有用信息
//www.bilibili.com/v/guochuang/chinese/
https://www.bilibili.com//www.bilibili.com/v/guochuang/chinese/
https://www.bilibili.com/v/guochuang/chinese/
?????????
//www.bilibili.com/v/guochuang/original/
https://www.bilibili.com//www.bilibili.com/v/guochuang/original/
https://www.bilibili.com/v/guochuang/original/
?????????
//www.bilibili.com/v/guochuang/puppetry/
https://www.bilibili.com//www.bilibili.com/v/guochuang/puppetry/
https://www.bilibili.com/v/guochuang/puppetry/
?????????
 //www.bilibili.com/v/guochuang/information/
https://www.bilibili.com//www.bilibili.com/v/guochuang/information/
https://www.bilibili.com/v/guochuang/information/
?????????
//bangumi.bilibili.com/guochuang/timeline
https://www.bilibili.com//bangumi.bilibili.com/guochuang/timeline
此处无有用信息comlete one type++++++++++++++++++++++++++++++++++++++++++++++++++++++++++

//bangumi.bilibili.com/guochuang/index
https://www.bilibili.com//bangumi.bilibili.com/guochuang/index
此处无有用信息
//www.bilibili.com/v/music/original/
https://www.bilibili.com//www.bilibili.com/v/music/original/
https://www.bilibili.com/v/music/original/
?????????
//www.bilibili.com/v/music/cover/
https://www.bilibili.com//www.bilibili.com/v/music/cover/
https://www.bilibili.com/v/music/cover/
?????????
//www.bilibili.com/v/music/vocaloid/
https://www.bilibili.com//www.bilibili.com/v/music/vocaloid/
https://www.bilibili.com/v/music/vocaloid/
?????????
//www.bilibili.com/v/music/perform/
https://www.bilibili.com//www.bilibili.com/v/music/perform/
https://www.bilibili.com/v/music/perform/
?????????
//www.bilibili.com/v/music/coordinate/
https://www.bilibili.com//www.bilibili.com/v/music/coordinate/
https://www.bilibili.com/v/music/coordinate/
?????????
//www.bilibili.com/v/music/oped/
https://www.bilibili.com//www.bilibili.com/v/music/oped/
https://www.bilibili.com/v/music/oped/comlete one type++++++++++++++++++++++++++++++++++++++++++++++++++++++++++

?????????//www.bilibili.com/v/music/collection/

https://www.bilibili.com//www.bilibili.com/v/music/collection/
https://www.bilibili.com/v/music/collection/
?????????
//www.bilibili.com/v/dance/otaku/
https://www.bilibili.com//www.bilibili.com/v/dance/otaku/
https://www.bilibili.com/v/dance/otaku/
?????????
//www.bilibili.com/v/dance/three_d/
https://www.bilibili.com//www.bilibili.com/v/dance/three_d/
https://www.bilibili.com/v/dance/three_d/
?????????
comlete one type++++++++++++++++++++++++++++++++++++++++++++++++++++++++++
//www.bilibili.com/v/dance/demo/
https://www.bilibili.com//www.bilibili.com/v/dance/demo/
https://www.bilibili.com/v/dance/demo/
?????????
//www.bilibili.com/v/game/stand_alone/
https://www.bilibili.com//www.bilibili.com/v/game/stand_alone/
https://www.bilibili.com/v/game/stand_alone/
?????????
//www.bilibili.com/v/game/esports/
https://www.bilibili.com//www.bilibili.com/v/game/esports/
https://www.bilibili.com/v/game/esports/
?????????
//www.bilibili.com/v/game/mobile/
https://www.bilibili.com//www.bilibili.com/v/game/mobile/
https://www.bilibili.com/v/game/mobile/
?????????
 //www.bilibili.com/v/game/online/
https://www.bilibili.com//www.bilibili.com/v/game/online/
https://www.bilibili.com/v/game/online/
?????????
//www.bilibili.com/v/game/board/
https://www.bilibili.com//www.bilibili.com/v/game/board/
https://www.bilibili.com/v/game/board/
?????????
//www.bilibili.com/v/game/gmv/
https://www.bilibili.com//www.bilibili.com/v/game/gmv/
https://www.bilibili.com/v/game/gmv/
?????????
//www.bilibili.com/v/game/music/
https://www.bilibili.com//www.bilibili.com/v/game/music/
https://www.bilibili.com/v/game/music/
?????????
 comlete one type++++++++++++++++++++++++++++++++++++++++++++++++++++++++++
//www.bilibili.com/v/game/mugen/
https://www.bilibili.com//www.bilibili.com/v/game/mugen/
https://www.bilibili.com/v/game/mugen/
?????????
//www.bilibili.com/v/technology/fun/
https://www.bilibili.com//www.bilibili.com/v/technology/fun/
https://www.bilibili.com/v/technology/fun/
?????????
//www.bilibili.com/v/technology/wild/
https://www.bilibili.com//www.bilibili.com/v/technology/wild/
https://www.bilibili.com/v/technology/wild/
?????????
//www.bilibili.com/v/technology/speech_course/
https://www.bilibili.com//www.bilibili.com/v/technology/speech_course/
https://www.bilibili.com/v/technology/speech_course/
?????????
//www.bilibili.com/v/technology/military/
https://www.bilibili.com//www.bilibili.com/v/technology/military/
https://www.bilibili.com/v/technology/military/
?????????
//www.bilibili.com/v/technology/digital/
https://www.bilibili.com//www.bilibili.com/v/technology/digital/
https://www.bilibili.com/v/technology/digital/
?????????
//www.bilibili.com/v/technology/mechanical/
https://www.bilibili.com//www.bilibili.com/v/technology/mechanical/
https://www.bilibili.com/v/technology/mechanical/
?????????
comlete one type++++++++++++++++++++++++++++++++++++++++++++++++++++++++++
//www.bilibili.com/v/technology/automobile/
https://www.bilibili.com//www.bilibili.com/v/technology/automobile/
https://www.bilibili.com/v/technology/automobile/
?????????
//www.bilibili.com/v/life/funny/
https://www.bilibili.com//www.bilibili.com/v/life/funny/
https://www.bilibili.com/v/life/funny/
?????????
//www.bilibili.com/v/life/daily/
https://www.bilibili.com//www.bilibili.com/v/life/daily/
https://www.bilibili.com/v/life/daily/
?????????
//www.bilibili.com/v/life/food/
https://www.bilibili.com//www.bilibili.com/v/life/food/
https://www.bilibili.com/v/life/food/
?????????
//www.bilibili.com/v/life/animal/
https://www.bilibili.com//www.bilibili.com/v/life/animal/
https://www.bilibili.com/v/life/animal/
?????????
//www.bilibili.com/v/life/handmake/
https://www.bilibili.com//www.bilibili.com/v/life/handmake/
https://www.bilibili.com/v/life/handmake/
?????????
//www.bilibili.com/v/life/painting/
https://www.bilibili.com//www.bilibili.com/v/life/painting/
https://www.bilibili.com/v/life/painting/
?????????
//www.bilibili.com/v/life/asmr/
https://www.bilibili.com//www.bilibili.com/v/life/asmr/
https://www.bilibili.com/v/life/asmr/
?????????
//www.bilibili.com/v/life/sports/
https://www.bilibili.com//www.bilibili.com/v/life/sports/
https://www.bilibili.com/v/life/sports/
?????????comlete one type++++++++++++++++++++++++++++++++++++++++++++++++++++++++++

 //www.bilibili.com/v/life/other/
https://www.bilibili.com//www.bilibili.com/v/life/other/
https://www.bilibili.com/v/life/other/
?????????
//www.bilibili.com/v/kichiku/guide/
https://www.bilibili.com//www.bilibili.com/v/kichiku/guide/
https://www.bilibili.com/v/kichiku/guide/
?????????
//www.bilibili.com/v/kichiku/mad/
https://www.bilibili.com//www.bilibili.com/v/kichiku/mad/
https://www.bilibili.com/v/kichiku/mad/
?????????//www.bilibili.com/v/kichiku/manual_vocaloid/

https://www.bilibili.com//www.bilibili.com/v/kichiku/manual_vocaloid/
https://www.bilibili.com/v/kichiku/manual_vocaloid/
?????????comlete one type++++++++++++++++++++++++++++++++++++++++++++++++++++++++++

//www.bilibili.com/v/kichiku/course/
https://www.bilibili.com//www.bilibili.com/v/kichiku/course/
https://www.bilibili.com/v/kichiku/course/
?????????
//www.bilibili.com/v/fashion/makeup/
https://www.bilibili.com//www.bilibili.com/v/fashion/makeup/
https://www.bilibili.com/v/fashion/makeup/
?????????//www.bilibili.com/v/fashion/clothing/

https://www.bilibili.com//www.bilibili.com/v/fashion/clothing/
https://www.bilibili.com/v/fashion/clothing/
?????????
//www.bilibili.com/v/fashion/aerobics/
https://www.bilibili.com//www.bilibili.com/v/fashion/aerobics/
https://www.bilibili.com/v/fashion/aerobics/
?????????
comlete one type++++++++++++++++++++++++++++++++++++++++++++++++++++++++++
//www.bilibili.com/v/fashion/information/
https://www.bilibili.com//www.bilibili.com/v/fashion/information/
https://www.bilibili.com/v/fashion/information/
?????????
comlete one type++++++++++++++++++++++++++++++++++++++++++++++++++++++++++
//www.bilibili.com/v/ent/variety/
https://www.bilibili.com//www.bilibili.com/v/ent/variety/
https://www.bilibili.com/v/ent/variety/
?????????
//www.bilibili.com/v/ent/star/
https://www.bilibili.com//www.bilibili.com/v/ent/star/
https://www.bilibili.com/v/ent/star/
?????????
comlete one type++++++++++++++++++++++++++++++++++++++++++++++++++++++++++
//www.bilibili.com/v/ent/korea/
https://www.bilibili.com//www.bilibili.com/v/ent/korea/
https://www.bilibili.com/v/ent/korea/
?????????
//www.bilibili.com/v/cinephile/cinecism/
https://www.bilibili.com//www.bilibili.com/v/cinephile/cinecism/
https://www.bilibili.com/v/cinephile/cinecism/
?????????
//www.bilibili.com/v/cinephile/montage/
https://www.bilibili.com//www.bilibili.com/v/cinephile/montage/
https://www.bilibili.com/v/cinephile/montage/
?????????
 //www.bilibili.com/v/cinephile/shortfilm/
https://www.bilibili.com//www.bilibili.com/v/cinephile/shortfilm/
https://www.bilibili.com/v/cinephile/shortfilm/
?????????
//www.bilibili.com/v/cinephile/trailer_info/
https://www.bilibili.com//www.bilibili.com/v/cinephile/trailer_info/
https://www.bilibili.com/v/cinephile/trailer_info/comlete one type++++++++++++++++++++++++++++++++++++++++++++++++++++++++++

?????????
 //www.bilibili.com/v/cinephile/tokusatsu/
https://www.bilibili.com//www.bilibili.com/v/cinephile/tokusatsu/
https://www.bilibili.com/v/cinephile/tokusatsu/
?????????
//www.bilibili.com/documentary/
https://www.bilibili.com//www.bilibili.com/documentary/
https://www.bilibili.com/documentary/
?????????
 //www.bilibili.com/movie/
https://www.bilibili.com//www.bilibili.com/movie/
https://www.bilibili.com/movie/comlete one type++++++++++++++++++++++++++++++++++++++++++++++++++++++++++

?????????
 //www.bilibili.com/tv/
https://www.bilibili.com//www.bilibili.com/tv/
 comlete one type++++++++++++++++++++++++++++++++++++++++++++++++++++++++++https://www.bilibili.com/tv/

?????????
//show.bilibili.com/platform/home.html
https://www.bilibili.com//show.bilibili.com/platform/home.html
https://show.bilibili.com/platform/home.html
?????????
 //activity.bilibili.com
https://www.bilibili.com//activity.bilibili.com
https://activity.bilibili.com
?????????//game.bilibili.com

https://www.bilibili.com//game.bilibili.com
https://game.bilibili.com
?????????
//news.bilibili.com
https://www.bilibili.com//news.bilibili.com
https://news.bilibili.com
?????????
http://h.bilibili.com
https://www.bilibili.comhttp://h.bilibili.com
https:http://h.bilibili.com
 ?????????comlete one type++++++++++++++++++++++++++++++++++++++++++++++++++++++++++

//www.bilibili.com/mango
https://www.bilibili.com//www.bilibili.com/mango
https://www.bilibili.com/mango
?????????
//live.bilibili.com/subject
https://www.bilibili.com//live.bilibili.com/subject
https://live.bilibili.com/subject
?????????//live.bilibili.com/pages/area/ent

https://www.bilibili.com//live.bilibili.com/pages/area/ent
https://live.bilibili.com/pages/area/ent
?????????
//live.bilibili.com/draw
https://www.bilibili.com//live.bilibili.com/draw
https://live.bilibili.com/draw
?????????
//live.bilibili.com/pages/area/ent
https://www.bilibili.com//live.bilibili.com/pages/area/ent
https://live.bilibili.com/pages/area/ent
?????????
//live.bilibili.com/pages/area/ent
https://www.bilibili.com//live.bilibili.com/pages/area/ent
https://live.bilibili.com/pages/area/ent
?????????
 //live.bilibili.com/single
https://www.bilibili.com//live.bilibili.com/single
https://live.bilibili.com/single
?????????
//live.bilibili.com/online
https://www.bilibili.com//live.bilibili.com/online
https://live.bilibili.com/online
?????????//live.bilibili.com/e-sports

https://www.bilibili.com//live.bilibili.com/e-sports
https://live.bilibili.com/e-sports
?????????
comlete one type++++++++++++++++++++++++++++++++++++++++++++++++++++++++++
//live.bilibili.com/mobile-game
https://www.bilibili.com//live.bilibili.com/mobile-game
https://live.bilibili.com/mobile-gamecomlete one type++++++++++++++++++++++++++++++++++++++++++++++++++++++++++

?????????comlete all types############################################

总计数为 0
错误数为 0
begin=================================second!!!!
begin=================================second!!!!begin=================================second!!!!

begin=================================second!!!!begin=================================second!!!!
 
begin=================================second!!!!begin=================================second!!!!

begin=================================second!!!!
 begin=================================second!!!!begin=================================second!!!!

begin=================================second!!!!begin=================================second!!!!

begin=================================second!!!!
 begin=================================second!!!!begin=================================second!!!!

begin=================================second!!!!begin=================================second!!!!begin=================================second!!!!


begin=================================second!!!!begin=================================second!!!!

begin=================================second!!!!
begin=================================second!!!!
begin=================================second!!!!
 begin=================================second!!!!
 begin=================================second!!!!
 begin=================================second!!!!
begin=================================second!!!!
begin=================================second!!!!
begin=================================second!!!!begin=================================second!!!!

begin=================================second!!!!
begin=================================second!!!!
 begin=================================second!!!!
