PhantomJS is launching GhostDriver...
[INFO  - 2017-12-13T03:43:14.948Z] GhostDriver - Main - running on port 1584
[INFO  - 2017-12-13T03:43:14.981Z] Session [bfe7faf0-dfb7-11e7-a2ed-7def5f4f177a] - _decorateNewWindow - page.settings: {"XSSAuditingEnabled":false,"javascriptCanCloseWindows":true,"javascriptCanOpenWindows":true,"javascriptEnabled":true,"loadImages":false,"localToRemoteUrlAccessEnabled":false,"userAgent":"Mozilla/5.0 (Windows NT 5.1) AppleWebKit/534.34 (KHTML, like Gecko) PhantomJS/1.9.2 Safari/534.34","webSecurityEnabled":true}
[INFO  - 2017-12-13T03:43:14.981Z] Session [bfe7faf0-dfb7-11e7-a2ed-7def5f4f177a] - page.customHeaders:  - {}
[INFO  - 2017-12-13T03:43:14.981Z] Session [bfe7faf0-dfb7-11e7-a2ed-7def5f4f177a] - CONSTRUCTOR - Desired Capabilities: {"platform":"ANY","browserName":"phantomjs","version":"","javascriptEnabled":true}
[INFO  - 2017-12-13T03:43:14.981Z] Session [bfe7faf0-dfb7-11e7-a2ed-7def5f4f177a] - CONSTRUCTOR - Negotiated Capabilities: {"browserName":"phantomjs","version":"1.9.2","driverName":"ghostdriver","driverVersion":"1.0.4","platform":"windows-XP-32bit","javascriptEnabled":true,"takesScreenshot":true,"handlesAlerts":false,"databaseEnabled":false,"locationContextEnabled":false,"applicationCacheEnabled":false,"browserConnectionEnabled":false,"cssSelectorsEnabled":true,"webStorageEnabled":false,"rotatable":false,"acceptSslCerts":false,"nativeEvents":true,"proxy":{"proxyType":"direct"}}
[INFO  - 2017-12-13T03:43:14.981Z] SessionManagerReqHand - _postNewSessionCommand - New Session Created: bfe7faf0-dfb7-11e7-a2ed-7def5f4f177a
[ERROR - 2017-12-13T03:43:15.406Z] Session [bfe7faf0-dfb7-11e7-a2ed-7def5f4f177a] - Page at 'https://item.taobao.com/item.htm?id=40116639349&ns=1&abbucket=0#detail' - Console Error (msg): TypeError: 'undefined' is not a function (evaluating 'f.bind(null,n)')
[ERROR - 2017-12-13T03:43:15.407Z] Session [bfe7faf0-dfb7-11e7-a2ed-7def5f4f177a] - Page at 'https://item.taobao.com/item.htm?id=40116639349&ns=1&abbucket=0#detail' - Console Error (stack): [
  {
    "file": "https://g.alicdn.com/??kissy/k/1.4.14/seed-min.js,sd/sufei/0.2.4/app/common/sufei-kissy.js,mtb/videox/0.1.33/videox-pc.js",
    "line": 106,
    "function": "c"
  },
  {
    "file": "https://g.alicdn.com/??kissy/k/1.4.14/seed-min.js,sd/sufei/0.2.4/app/common/sufei-kissy.js,mtb/videox/0.1.33/videox-pc.js",
    "line": 106,
    "function": "o"
  },
  {
    "file": "https://g.alicdn.com/??kissy/k/1.4.14/seed-min.js,sd/sufei/0.2.4/app/common/sufei-kissy.js,mtb/videox/0.1.33/videox-pc.js",
    "line": 106,
    "function": ""
  },
  {
    "file": "https://g.alicdn.com/??kissy/k/1.4.14/seed-min.js,sd/sufei/0.2.4/app/common/sufei-kissy.js,mtb/videox/0.1.33/videox-pc.js",
    "line": 106,
    "function": ""
  },
  {
    "file": "https://g.alicdn.com/??kissy/k/1.4.14/seed-min.js,sd/sufei/0.2.4/app/common/sufei-kissy.js,mtb/videox/0.1.33/videox-pc.js",
    "line": 106,
    "function": "t"
  },
  {
    "file": "https://g.alicdn.com/??kissy/k/1.4.14/seed-min.js,sd/sufei/0.2.4/app/common/sufei-kissy.js,mtb/videox/0.1.33/videox-pc.js",
    "line": 106,
    "function": ""
  },
  {
    "file": "https://g.alicdn.com/??kissy/k/1.4.14/seed-min.js,sd/sufei/0.2.4/app/common/sufei-kissy.js,mtb/videox/0.1.33/videox-pc.js",
    "line": 106,
    "function": "t"
  },
  {
    "file": "https://g.alicdn.com/??kissy/k/1.4.14/seed-min.js,sd/sufei/0.2.4/app/common/sufei-kissy.js,mtb/videox/0.1.33/videox-pc.js",
    "line": 106,
    "function": ""
  },
  {
    "file": "https://g.alicdn.com/??kissy/k/1.4.14/seed-min.js,sd/sufei/0.2.4/app/common/sufei-kissy.js,mtb/videox/0.1.33/videox-pc.js",
    "line": 106,
    "function": ""
  },
  {
    "file": "https://g.alicdn.com/??kissy/k/1.4.14/seed-min.js,sd/sufei/0.2.4/app/common/sufei-kissy.js,mtb/videox/0.1.33/videox-pc.js",
    "line": 106,
    "function": ""
  },
  {
    "file": "https://g.alicdn.com/??kissy/k/1.4.14/seed-min.js,sd/sufei/0.2.4/app/common/sufei-kissy.js,mtb/videox/0.1.33/videox-pc.js",
    "line": 106,
    "function": ""
  }
]
[ERROR - 2017-12-13T03:43:16.212Z] Session [bfe7faf0-dfb7-11e7-a2ed-7def5f4f177a] - Page at 'https://item.taobao.com/item.htm?id=40116639349&ns=1&abbucket=0#detail' - Console Error (msg): ReferenceError: Can't find variable: Videox
    at https://g.alicdn.com/tb/item-detail/7.19.0/??index-min.js:3
    at https://g.alicdn.com/tb/item-detail/7.19.0/??index-min.js:3
    at https://g.alicdn.com/tb/item-detail/7.19.0/??index-min.js:3
    at https://g.alicdn.com/tb/item-detail/7.19.0/??index-min.js:3
    at https://g.alicdn.com/??tb/item-detail/7.19.0/platform-min.js:1
    at https://g.alicdn.com/??kissy/k/1.4.14/seed-min.js,sd/sufei/0.2.4/app/common/sufei-kissy.js,mtb/videox/0.1.33/videox-pc.js:58
    at https://g.alicdn.com/??kissy/k/1.4.14/seed-min.js,sd/sufei/0.2.4/app/common/sufei-kissy.js,mtb/videox/0.1.33/videox-pc.js:56
    at https://g.alicdn.com/??kissy/k/1.4.14/seed-min.js,sd/sufei/0.2.4/app/common/sufei-kissy.js,mtb/videox/0.1.33/videox-pc.js:84
    at https://g.alicdn.com/??kissy/k/1.4.14/seed-min.js,sd/sufei/0.2.4/app/common/sufei-kissy.js,mtb/videox/0.1.33/videox-pc.js:64
    at https://g.alicdn.com/??kissy/k/1.4.14/seed-min.js,sd/sufei/0.2.4/app/common/sufei-kissy.js,mtb/videox/0.1.33/videox-pc.js:21
    at https://g.alicdn.com/tb/item-detail/7.19.0/??index-min.js:6
    at https://g.alicdn.com/??tb/item-detail/7.19.0/platform-min.js:1
    at https://g.alicdn.com/??kissy/k/1.4.14/seed-min.js,sd/sufei/0.2.4/app/common/sufei-kissy.js,mtb/videox/0.1.33/videox-pc.js:58
    at https://g.alicdn.com/??kissy/k/1.4.14/seed-min.js,sd/sufei/0.2.4/app/common/sufei-kissy.js,mtb/videox/0.1.33/videox-pc.js:56
    at f (https://g.alicdn.com/??kissy/k/1.4.14/seed-min.js,sd/sufei/0.2.4/app/common/sufei-kissy.js,mtb/videox/0.1.33/videox-pc.js:83)
    at https://g.alicdn.com/??kissy/k/1.4.14/seed-min.js,sd/sufei/0.2.4/app/common/sufei-kissy.js,mtb/videox/0.1.33/videox-pc.js:82
    at https://g.alicdn.com/??kissy/k/1.4.14/seed-min.js,sd/sufei/0.2.4/app/common/sufei-kissy.js,mtb/videox/0.1.33/videox-pc.js:78
    at https://g.alicdn.com/??kissy/k/1.4.14/seed-min.js,sd/sufei/0.2.4/app/common/sufei-kissy.js,mtb/videox/0.1.33/videox-pc.js:64
    at https://g.alicdn.com/??kissy/k/1.4.14/seed-min.js,sd/sufei/0.2.4/app/common/sufei-kissy.js,mtb/videox/0.1.33/videox-pc.js:77
    at https://g.alicdn.com/??kissy/k/1.4.14/seed-min.js,sd/sufei/0.2.4/app/common/sufei-kissy.js,mtb/videox/0.1.33/videox-pc.js:12
    at https://g.alicdn.com/??kissy/k/1.4.14/seed-min.js,sd/sufei/0.2.4/app/common/sufei-kissy.js,mtb/videox/0.1.33/videox-pc.js:77
    at https://g.alicdn.com/??kissy/k/1.4.14/seed-min.js,sd/sufei/0.2.4/app/common/sufei-kissy.js,mtb/videox/0.1.33/videox-pc.js:12
    at https://g.alicdn.com/??kissy/k/1.4.14/seed-min.js,sd/sufei/0.2.4/app/common/sufei-kissy.js,mtb/videox/0.1.33/videox-pc.js:77
    at https://g.alicdn.com/??kissy/k/1.4.14/seed-min.js,sd/sufei/0.2.4/app/common/sufei-kissy.js,mtb/videox/0.1.33/videox-pc.js:74
    at https://g.alicdn.com/??kissy/k/1.4.14/seed-min.js,sd/sufei/0.2.4/app/common/sufei-kissy.js,mtb/videox/0.1.33/videox-pc.js:71
    at https://g.alicdn.com/??kissy/k/1.4.14/seed-min.js,sd/sufei/0.2.4/app/common/sufei-kissy.js,mtb/videox/0.1.33/videox-pc.js:12
    at https://g.alicdn.com/??kissy/k/1.4.14/seed-min.js,sd/sufei/0.2.4/app/common/sufei-kissy.js,mtb/videox/0.1.33/videox-pc.js:71
    at c (https://g.alicdn.com/??kissy/k/1.4.14/seed-min.js,sd/sufei/0.2.4/app/common/sufei-kissy.js,mtb/videox/0.1.33/videox-pc.js:70)
[ERROR - 2017-12-13T03:43:16.213Z] Session [bfe7faf0-dfb7-11e7-a2ed-7def5f4f177a] - Page at 'https://item.taobao.com/item.htm?id=40116639349&ns=1&abbucket=0#detail' - Console Error (stack): []
